<?xml version="1.0" encoding="UTF-8"?>
<!-- Generated by org.testng.reporters.JUnitReportReporter -->
<testsuite skipped="0" hostname="NPC" name="PageClasses.LandingPage" tests="1" failures="0" timestamp="2020-06-14T17:47:49 IST" time="23.164" errors="0">
  <testcase name="test" time="23.164" classname="PageClasses.LandingPage"/>
  <system-out/>
</testsuite> <!-- PageClasses.LandingPage -->
